[2025-12-18T20:50:00.707+0000] {taskinstance.py:1159} INFO - Dependencies all met for dep_context=non-requeueable deps ti=<TaskInstance: spark_streaming_dag.run_streaming scheduled__2025-12-18T20:49:00+00:00 [queued]>
[2025-12-18T20:50:00.718+0000] {taskinstance.py:1159} INFO - Dependencies all met for dep_context=requeueable deps ti=<TaskInstance: spark_streaming_dag.run_streaming scheduled__2025-12-18T20:49:00+00:00 [queued]>
[2025-12-18T20:50:00.719+0000] {taskinstance.py:1361} INFO - Starting attempt 1 of 2
[2025-12-18T20:50:00.735+0000] {taskinstance.py:1382} INFO - Executing <Task(PythonOperator): run_streaming> on 2025-12-18 20:49:00+00:00
[2025-12-18T20:50:00.745+0000] {standard_task_runner.py:57} INFO - Started process 45061 to run task
[2025-12-18T20:50:00.748+0000] {standard_task_runner.py:84} INFO - Running: ['***', 'tasks', 'run', 'spark_streaming_dag', 'run_streaming', 'scheduled__2025-12-18T20:49:00+00:00', '--job-id', '23', '--raw', '--subdir', 'DAGS_FOLDER/streaming_dag.py', '--cfg-path', '/tmp/tmpz9eqi4by']
[2025-12-18T20:50:00.752+0000] {standard_task_runner.py:85} INFO - Job 23: Subtask run_streaming
[2025-12-18T20:50:00.823+0000] {task_command.py:416} INFO - Running <TaskInstance: spark_streaming_dag.run_streaming scheduled__2025-12-18T20:49:00+00:00 [running]> on host c462a6f64de2
[2025-12-18T20:50:00.933+0000] {taskinstance.py:1662} INFO - Exporting env vars: AIRFLOW_CTX_DAG_OWNER='***' AIRFLOW_CTX_DAG_ID='spark_streaming_dag' AIRFLOW_CTX_TASK_ID='run_streaming' AIRFLOW_CTX_EXECUTION_DATE='2025-12-18T20:49:00+00:00' AIRFLOW_CTX_TRY_NUMBER='1' AIRFLOW_CTX_DAG_RUN_ID='scheduled__2025-12-18T20:49:00+00:00'
[2025-12-18T20:50:08.348+0000] {spark_utils.py:25} INFO - Spark connection created successfully!
[2025-12-18T20:50:10.314+0000] {spark_utils.py:43} INFO - kafka dataframe created successfully
[2025-12-18T20:50:10.758+0000] {data_processing.py:49} INFO - Schema applied and JSON parsed.
[2025-12-18T20:50:10.793+0000] {data_processing.py:53} INFO - Dropped records with null id, email, or registered_date.
[2025-12-18T20:50:10.850+0000] {data_processing.py:61} INFO - Applied business rule validation.
[2025-12-18T20:50:10.868+0000] {data_processing.py:65} INFO - Deduplicated based on id.
[2025-12-18T20:50:10.871+0000] {cassandra_utils.py:15} WARNING - Cluster.__init__ called with contact_points specified, but no load_balancing_policy. In the next major version, this will raise an error; please specify a load-balancing policy. (contact_points = ['cassandra'], lbp = None)
[2025-12-18T20:50:10.876+0000] {cassandra_utils.py:16} WARNING - Downgrading core protocol version from 66 to 65 for 172.18.0.2:9042. To avoid this, it is best practice to explicitly set Cluster(protocol_version) to the version supported by your cluster. http://datastax.github.io/python-driver/api/cassandra/cluster.html#cassandra.cluster.Cluster.protocol_version
[2025-12-18T20:50:10.879+0000] {cassandra_utils.py:16} WARNING - Downgrading core protocol version from 65 to 5 for 172.18.0.2:9042. To avoid this, it is best practice to explicitly set Cluster(protocol_version) to the version supported by your cluster. http://datastax.github.io/python-driver/api/cassandra/cluster.html#cassandra.cluster.Cluster.protocol_version
[2025-12-18T20:50:10.889+0000] {policies.py:289} INFO - Using datacenter 'datacenter1' for DCAwareRoundRobinPolicy (via host '172.18.0.2:9042'); if incorrect, please specify a local_dc to the constructor, or limit contact points to local cluster nodes
[2025-12-18T20:50:11.234+0000] {cassandra_utils.py:18} INFO - Connected to Cassandra!
[2025-12-18T20:50:11.237+0000] {logging_mixin.py:154} INFO - Keyspace created successfully!
[2025-12-18T20:50:11.241+0000] {logging_mixin.py:154} INFO - Table created successfully!
[2025-12-18T20:50:11.241+0000] {run_streaming.py:30} INFO - Streaming is being started...
[2025-12-18T20:50:45.091+0000] {run_streaming.py:48} INFO - Mini-batch streaming finished
[2025-12-18T20:50:45.092+0000] {python.py:194} INFO - Done. Returned value was: None
[2025-12-18T20:50:45.106+0000] {taskinstance.py:1400} INFO - Marking task as SUCCESS. dag_id=spark_streaming_dag, task_id=run_streaming, execution_date=20251218T204900, start_date=20251218T205000, end_date=20251218T205045
[2025-12-18T20:50:45.172+0000] {local_task_job_runner.py:228} INFO - Task exited with return code 0
[2025-12-18T20:50:45.197+0000] {taskinstance.py:2778} INFO - 0 downstream tasks scheduled from follow-on schedule check
