[2025-12-18T22:06:01.117+0000] {taskinstance.py:1159} INFO - Dependencies all met for dep_context=non-requeueable deps ti=<TaskInstance: spark_streaming_dag.run_streaming scheduled__2025-12-18T22:05:00+00:00 [queued]>
[2025-12-18T22:06:01.137+0000] {taskinstance.py:1159} INFO - Dependencies all met for dep_context=requeueable deps ti=<TaskInstance: spark_streaming_dag.run_streaming scheduled__2025-12-18T22:05:00+00:00 [queued]>
[2025-12-18T22:06:01.138+0000] {taskinstance.py:1361} INFO - Starting attempt 1 of 2
[2025-12-18T22:06:01.167+0000] {taskinstance.py:1382} INFO - Executing <Task(PythonOperator): run_streaming> on 2025-12-18 22:05:00+00:00
[2025-12-18T22:06:01.178+0000] {standard_task_runner.py:57} INFO - Started process 72081 to run task
[2025-12-18T22:06:01.181+0000] {standard_task_runner.py:84} INFO - Running: ['***', 'tasks', 'run', 'spark_streaming_dag', 'run_streaming', 'scheduled__2025-12-18T22:05:00+00:00', '--job-id', '99', '--raw', '--subdir', 'DAGS_FOLDER/streaming_dag.py', '--cfg-path', '/tmp/tmp5hk_hn87']
[2025-12-18T22:06:01.184+0000] {standard_task_runner.py:85} INFO - Job 99: Subtask run_streaming
[2025-12-18T22:06:01.263+0000] {task_command.py:416} INFO - Running <TaskInstance: spark_streaming_dag.run_streaming scheduled__2025-12-18T22:05:00+00:00 [running]> on host c462a6f64de2
[2025-12-18T22:06:01.399+0000] {taskinstance.py:1662} INFO - Exporting env vars: AIRFLOW_CTX_DAG_OWNER='***' AIRFLOW_CTX_DAG_ID='spark_streaming_dag' AIRFLOW_CTX_TASK_ID='run_streaming' AIRFLOW_CTX_EXECUTION_DATE='2025-12-18T22:05:00+00:00' AIRFLOW_CTX_TRY_NUMBER='1' AIRFLOW_CTX_DAG_RUN_ID='scheduled__2025-12-18T22:05:00+00:00'
[2025-12-18T22:06:09.864+0000] {spark_utils.py:25} INFO - Spark connection created successfully!
[2025-12-18T22:06:12.014+0000] {spark_utils.py:43} INFO - kafka dataframe created successfully
[2025-12-18T22:06:12.485+0000] {data_processing.py:49} INFO - Schema applied and JSON parsed.
[2025-12-18T22:06:12.517+0000] {data_processing.py:53} INFO - Dropped records with null id, email, or registered_date.
[2025-12-18T22:06:12.572+0000] {data_processing.py:61} INFO - Applied business rule validation.
[2025-12-18T22:06:12.590+0000] {data_processing.py:65} INFO - Deduplicated based on id.
[2025-12-18T22:06:12.594+0000] {cassandra_utils.py:15} WARNING - Cluster.__init__ called with contact_points specified, but no load_balancing_policy. In the next major version, this will raise an error; please specify a load-balancing policy. (contact_points = ['cassandra'], lbp = None)
[2025-12-18T22:06:12.605+0000] {cassandra_utils.py:16} WARNING - Downgrading core protocol version from 66 to 65 for 172.18.0.2:9042. To avoid this, it is best practice to explicitly set Cluster(protocol_version) to the version supported by your cluster. http://datastax.github.io/python-driver/api/cassandra/cluster.html#cassandra.cluster.Cluster.protocol_version
[2025-12-18T22:06:12.608+0000] {cassandra_utils.py:16} WARNING - Downgrading core protocol version from 65 to 5 for 172.18.0.2:9042. To avoid this, it is best practice to explicitly set Cluster(protocol_version) to the version supported by your cluster. http://datastax.github.io/python-driver/api/cassandra/cluster.html#cassandra.cluster.Cluster.protocol_version
[2025-12-18T22:06:12.618+0000] {policies.py:289} INFO - Using datacenter 'datacenter1' for DCAwareRoundRobinPolicy (via host '172.18.0.2:9042'); if incorrect, please specify a local_dc to the constructor, or limit contact points to local cluster nodes
[2025-12-18T22:06:13.091+0000] {cassandra_utils.py:18} INFO - Connected to Cassandra!
[2025-12-18T22:06:13.094+0000] {logging_mixin.py:154} INFO - Keyspace created successfully!
[2025-12-18T22:06:13.099+0000] {logging_mixin.py:154} INFO - Table created successfully!
[2025-12-18T22:06:13.099+0000] {run_streaming.py:30} INFO - Streaming is being started...
[2025-12-18T22:06:46.658+0000] {run_streaming.py:48} INFO - Mini-batch streaming finished
[2025-12-18T22:06:46.660+0000] {python.py:194} INFO - Done. Returned value was: None
[2025-12-18T22:06:46.722+0000] {taskinstance.py:1400} INFO - Marking task as SUCCESS. dag_id=spark_streaming_dag, task_id=run_streaming, execution_date=20251218T220500, start_date=20251218T220601, end_date=20251218T220646
[2025-12-18T22:06:46.864+0000] {local_task_job_runner.py:228} INFO - Task exited with return code 0
[2025-12-18T22:06:46.915+0000] {taskinstance.py:2778} INFO - 0 downstream tasks scheduled from follow-on schedule check
