[2025-12-19T00:21:00.685+0000] {taskinstance.py:1159} INFO - Dependencies all met for dep_context=non-requeueable deps ti=<TaskInstance: spark_streaming_dag.run_streaming scheduled__2025-12-19T00:20:00+00:00 [queued]>
[2025-12-19T00:21:00.693+0000] {taskinstance.py:1159} INFO - Dependencies all met for dep_context=requeueable deps ti=<TaskInstance: spark_streaming_dag.run_streaming scheduled__2025-12-19T00:20:00+00:00 [queued]>
[2025-12-19T00:21:00.694+0000] {taskinstance.py:1361} INFO - Starting attempt 1 of 2
[2025-12-19T00:21:00.708+0000] {taskinstance.py:1382} INFO - Executing <Task(PythonOperator): run_streaming> on 2025-12-19 00:20:00+00:00
[2025-12-19T00:21:00.715+0000] {standard_task_runner.py:57} INFO - Started process 82804 to run task
[2025-12-19T00:21:00.719+0000] {standard_task_runner.py:84} INFO - Running: ['***', 'tasks', 'run', 'spark_streaming_dag', 'run_streaming', 'scheduled__2025-12-19T00:20:00+00:00', '--job-id', '234', '--raw', '--subdir', 'DAGS_FOLDER/streaming_dag.py', '--cfg-path', '/tmp/tmpczkas8g9']
[2025-12-19T00:21:00.721+0000] {standard_task_runner.py:85} INFO - Job 234: Subtask run_streaming
[2025-12-19T00:21:00.778+0000] {task_command.py:416} INFO - Running <TaskInstance: spark_streaming_dag.run_streaming scheduled__2025-12-19T00:20:00+00:00 [running]> on host c462a6f64de2
[2025-12-19T00:21:00.873+0000] {taskinstance.py:1662} INFO - Exporting env vars: AIRFLOW_CTX_DAG_OWNER='***' AIRFLOW_CTX_DAG_ID='spark_streaming_dag' AIRFLOW_CTX_TASK_ID='run_streaming' AIRFLOW_CTX_EXECUTION_DATE='2025-12-19T00:20:00+00:00' AIRFLOW_CTX_TRY_NUMBER='1' AIRFLOW_CTX_DAG_RUN_ID='scheduled__2025-12-19T00:20:00+00:00'
[2025-12-19T00:21:08.602+0000] {spark_utils.py:25} INFO - Spark connection created successfully!
[2025-12-19T00:21:10.353+0000] {spark_utils.py:43} INFO - kafka dataframe created successfully
[2025-12-19T00:21:10.748+0000] {data_processing.py:49} INFO - Schema applied and JSON parsed.
[2025-12-19T00:21:10.775+0000] {data_processing.py:53} INFO - Dropped records with null id, email, or registered_date.
[2025-12-19T00:21:10.821+0000] {data_processing.py:61} INFO - Applied business rule validation.
[2025-12-19T00:21:10.838+0000] {data_processing.py:65} INFO - Deduplicated based on id.
[2025-12-19T00:21:10.840+0000] {cassandra_utils.py:15} WARNING - Cluster.__init__ called with contact_points specified, but no load_balancing_policy. In the next major version, this will raise an error; please specify a load-balancing policy. (contact_points = ['cassandra'], lbp = None)
[2025-12-19T00:21:10.846+0000] {cassandra_utils.py:16} WARNING - Downgrading core protocol version from 66 to 65 for 172.18.0.2:9042. To avoid this, it is best practice to explicitly set Cluster(protocol_version) to the version supported by your cluster. http://datastax.github.io/python-driver/api/cassandra/cluster.html#cassandra.cluster.Cluster.protocol_version
[2025-12-19T00:21:10.848+0000] {cassandra_utils.py:16} WARNING - Downgrading core protocol version from 65 to 5 for 172.18.0.2:9042. To avoid this, it is best practice to explicitly set Cluster(protocol_version) to the version supported by your cluster. http://datastax.github.io/python-driver/api/cassandra/cluster.html#cassandra.cluster.Cluster.protocol_version
[2025-12-19T00:21:10.856+0000] {policies.py:289} INFO - Using datacenter 'datacenter1' for DCAwareRoundRobinPolicy (via host '172.18.0.2:9042'); if incorrect, please specify a local_dc to the constructor, or limit contact points to local cluster nodes
[2025-12-19T00:21:11.074+0000] {cassandra_utils.py:18} INFO - Connected to Cassandra!
[2025-12-19T00:21:11.076+0000] {logging_mixin.py:154} INFO - Keyspace created successfully!
[2025-12-19T00:21:11.078+0000] {logging_mixin.py:154} INFO - Table created successfully!
[2025-12-19T00:21:11.079+0000] {run_streaming.py:30} INFO - Streaming is being started...
[2025-12-19T00:21:43.583+0000] {run_streaming.py:48} INFO - Mini-batch streaming finished
[2025-12-19T00:21:43.584+0000] {python.py:194} INFO - Done. Returned value was: None
[2025-12-19T00:21:43.600+0000] {taskinstance.py:1400} INFO - Marking task as SUCCESS. dag_id=spark_streaming_dag, task_id=run_streaming, execution_date=20251219T002000, start_date=20251219T002100, end_date=20251219T002143
[2025-12-19T00:21:43.651+0000] {local_task_job_runner.py:228} INFO - Task exited with return code 0
[2025-12-19T00:21:43.675+0000] {taskinstance.py:2778} INFO - 0 downstream tasks scheduled from follow-on schedule check
