[2025-12-19T00:37:00.657+0000] {taskinstance.py:1159} INFO - Dependencies all met for dep_context=non-requeueable deps ti=<TaskInstance: spark_streaming_dag.run_streaming scheduled__2025-12-19T00:36:00+00:00 [queued]>
[2025-12-19T00:37:00.667+0000] {taskinstance.py:1159} INFO - Dependencies all met for dep_context=requeueable deps ti=<TaskInstance: spark_streaming_dag.run_streaming scheduled__2025-12-19T00:36:00+00:00 [queued]>
[2025-12-19T00:37:00.668+0000] {taskinstance.py:1361} INFO - Starting attempt 1 of 2
[2025-12-19T00:37:00.682+0000] {taskinstance.py:1382} INFO - Executing <Task(PythonOperator): run_streaming> on 2025-12-19 00:36:00+00:00
[2025-12-19T00:37:00.690+0000] {standard_task_runner.py:57} INFO - Started process 30024 to run task
[2025-12-19T00:37:00.694+0000] {standard_task_runner.py:84} INFO - Running: ['***', 'tasks', 'run', 'spark_streaming_dag', 'run_streaming', 'scheduled__2025-12-19T00:36:00+00:00', '--job-id', '250', '--raw', '--subdir', 'DAGS_FOLDER/streaming_dag.py', '--cfg-path', '/tmp/tmpiw3isino']
[2025-12-19T00:37:00.696+0000] {standard_task_runner.py:85} INFO - Job 250: Subtask run_streaming
[2025-12-19T00:37:00.758+0000] {task_command.py:416} INFO - Running <TaskInstance: spark_streaming_dag.run_streaming scheduled__2025-12-19T00:36:00+00:00 [running]> on host c462a6f64de2
[2025-12-19T00:37:00.861+0000] {taskinstance.py:1662} INFO - Exporting env vars: AIRFLOW_CTX_DAG_OWNER='***' AIRFLOW_CTX_DAG_ID='spark_streaming_dag' AIRFLOW_CTX_TASK_ID='run_streaming' AIRFLOW_CTX_EXECUTION_DATE='2025-12-19T00:36:00+00:00' AIRFLOW_CTX_TRY_NUMBER='1' AIRFLOW_CTX_DAG_RUN_ID='scheduled__2025-12-19T00:36:00+00:00'
[2025-12-19T00:37:08.299+0000] {spark_utils.py:25} INFO - Spark connection created successfully!
[2025-12-19T00:37:10.433+0000] {spark_utils.py:43} INFO - kafka dataframe created successfully
[2025-12-19T00:37:10.818+0000] {data_processing.py:49} INFO - Schema applied and JSON parsed.
[2025-12-19T00:37:10.842+0000] {data_processing.py:53} INFO - Dropped records with null id, email, or registered_date.
[2025-12-19T00:37:10.883+0000] {data_processing.py:61} INFO - Applied business rule validation.
[2025-12-19T00:37:10.898+0000] {data_processing.py:65} INFO - Deduplicated based on id.
[2025-12-19T00:37:10.902+0000] {cassandra_utils.py:15} WARNING - Cluster.__init__ called with contact_points specified, but no load_balancing_policy. In the next major version, this will raise an error; please specify a load-balancing policy. (contact_points = ['cassandra'], lbp = None)
[2025-12-19T00:37:10.908+0000] {cassandra_utils.py:16} WARNING - Downgrading core protocol version from 66 to 65 for 172.18.0.2:9042. To avoid this, it is best practice to explicitly set Cluster(protocol_version) to the version supported by your cluster. http://datastax.github.io/python-driver/api/cassandra/cluster.html#cassandra.cluster.Cluster.protocol_version
[2025-12-19T00:37:10.910+0000] {cassandra_utils.py:16} WARNING - Downgrading core protocol version from 65 to 5 for 172.18.0.2:9042. To avoid this, it is best practice to explicitly set Cluster(protocol_version) to the version supported by your cluster. http://datastax.github.io/python-driver/api/cassandra/cluster.html#cassandra.cluster.Cluster.protocol_version
[2025-12-19T00:37:10.919+0000] {policies.py:289} INFO - Using datacenter 'datacenter1' for DCAwareRoundRobinPolicy (via host '172.18.0.2:9042'); if incorrect, please specify a local_dc to the constructor, or limit contact points to local cluster nodes
[2025-12-19T00:37:11.193+0000] {cassandra_utils.py:18} INFO - Connected to Cassandra!
[2025-12-19T00:37:11.196+0000] {logging_mixin.py:154} INFO - Keyspace created successfully!
[2025-12-19T00:37:11.198+0000] {logging_mixin.py:154} INFO - Table created successfully!
[2025-12-19T00:37:11.199+0000] {run_streaming.py:30} INFO - Streaming is being started...
[2025-12-19T00:37:43.797+0000] {run_streaming.py:48} INFO - Mini-batch streaming finished
[2025-12-19T00:37:43.798+0000] {python.py:194} INFO - Done. Returned value was: None
[2025-12-19T00:37:43.810+0000] {taskinstance.py:1400} INFO - Marking task as SUCCESS. dag_id=spark_streaming_dag, task_id=run_streaming, execution_date=20251219T003600, start_date=20251219T003700, end_date=20251219T003743
[2025-12-19T00:37:43.845+0000] {local_task_job_runner.py:228} INFO - Task exited with return code 0
[2025-12-19T00:37:43.867+0000] {taskinstance.py:2778} INFO - 0 downstream tasks scheduled from follow-on schedule check
