[2025-12-18T22:30:00.911+0000] {taskinstance.py:1159} INFO - Dependencies all met for dep_context=non-requeueable deps ti=<TaskInstance: spark_streaming_dag.run_streaming scheduled__2025-12-18T22:29:00+00:00 [queued]>
[2025-12-18T22:30:00.928+0000] {taskinstance.py:1159} INFO - Dependencies all met for dep_context=requeueable deps ti=<TaskInstance: spark_streaming_dag.run_streaming scheduled__2025-12-18T22:29:00+00:00 [queued]>
[2025-12-18T22:30:00.929+0000] {taskinstance.py:1361} INFO - Starting attempt 1 of 2
[2025-12-18T22:30:00.948+0000] {taskinstance.py:1382} INFO - Executing <Task(PythonOperator): run_streaming> on 2025-12-18 22:29:00+00:00
[2025-12-18T22:30:00.955+0000] {standard_task_runner.py:57} INFO - Started process 90094 to run task
[2025-12-18T22:30:00.958+0000] {standard_task_runner.py:84} INFO - Running: ['***', 'tasks', 'run', 'spark_streaming_dag', 'run_streaming', 'scheduled__2025-12-18T22:29:00+00:00', '--job-id', '123', '--raw', '--subdir', 'DAGS_FOLDER/streaming_dag.py', '--cfg-path', '/tmp/tmpgpsydzkr']
[2025-12-18T22:30:00.961+0000] {standard_task_runner.py:85} INFO - Job 123: Subtask run_streaming
[2025-12-18T22:30:01.022+0000] {task_command.py:416} INFO - Running <TaskInstance: spark_streaming_dag.run_streaming scheduled__2025-12-18T22:29:00+00:00 [running]> on host c462a6f64de2
[2025-12-18T22:30:01.126+0000] {taskinstance.py:1662} INFO - Exporting env vars: AIRFLOW_CTX_DAG_OWNER='***' AIRFLOW_CTX_DAG_ID='spark_streaming_dag' AIRFLOW_CTX_TASK_ID='run_streaming' AIRFLOW_CTX_EXECUTION_DATE='2025-12-18T22:29:00+00:00' AIRFLOW_CTX_TRY_NUMBER='1' AIRFLOW_CTX_DAG_RUN_ID='scheduled__2025-12-18T22:29:00+00:00'
[2025-12-18T22:30:09.763+0000] {spark_utils.py:25} INFO - Spark connection created successfully!
[2025-12-18T22:30:11.856+0000] {spark_utils.py:43} INFO - kafka dataframe created successfully
[2025-12-18T22:30:12.311+0000] {data_processing.py:49} INFO - Schema applied and JSON parsed.
[2025-12-18T22:30:12.359+0000] {data_processing.py:53} INFO - Dropped records with null id, email, or registered_date.
[2025-12-18T22:30:12.431+0000] {data_processing.py:61} INFO - Applied business rule validation.
[2025-12-18T22:30:12.450+0000] {data_processing.py:65} INFO - Deduplicated based on id.
[2025-12-18T22:30:12.453+0000] {cassandra_utils.py:15} WARNING - Cluster.__init__ called with contact_points specified, but no load_balancing_policy. In the next major version, this will raise an error; please specify a load-balancing policy. (contact_points = ['cassandra'], lbp = None)
[2025-12-18T22:30:12.460+0000] {cassandra_utils.py:16} WARNING - Downgrading core protocol version from 66 to 65 for 172.18.0.2:9042. To avoid this, it is best practice to explicitly set Cluster(protocol_version) to the version supported by your cluster. http://datastax.github.io/python-driver/api/cassandra/cluster.html#cassandra.cluster.Cluster.protocol_version
[2025-12-18T22:30:12.463+0000] {cassandra_utils.py:16} WARNING - Downgrading core protocol version from 65 to 5 for 172.18.0.2:9042. To avoid this, it is best practice to explicitly set Cluster(protocol_version) to the version supported by your cluster. http://datastax.github.io/python-driver/api/cassandra/cluster.html#cassandra.cluster.Cluster.protocol_version
[2025-12-18T22:30:12.474+0000] {policies.py:289} INFO - Using datacenter 'datacenter1' for DCAwareRoundRobinPolicy (via host '172.18.0.2:9042'); if incorrect, please specify a local_dc to the constructor, or limit contact points to local cluster nodes
[2025-12-18T22:30:12.790+0000] {cassandra_utils.py:18} INFO - Connected to Cassandra!
[2025-12-18T22:30:12.793+0000] {logging_mixin.py:154} INFO - Keyspace created successfully!
[2025-12-18T22:30:12.796+0000] {logging_mixin.py:154} INFO - Table created successfully!
[2025-12-18T22:30:12.796+0000] {run_streaming.py:30} INFO - Streaming is being started...
[2025-12-18T22:30:45.804+0000] {run_streaming.py:48} INFO - Mini-batch streaming finished
[2025-12-18T22:30:45.805+0000] {python.py:194} INFO - Done. Returned value was: None
[2025-12-18T22:30:45.818+0000] {taskinstance.py:1400} INFO - Marking task as SUCCESS. dag_id=spark_streaming_dag, task_id=run_streaming, execution_date=20251218T222900, start_date=20251218T223000, end_date=20251218T223045
[2025-12-18T22:30:45.866+0000] {local_task_job_runner.py:228} INFO - Task exited with return code 0
[2025-12-18T22:30:45.892+0000] {taskinstance.py:2778} INFO - 0 downstream tasks scheduled from follow-on schedule check
